<?xml version="1.0" encoding="UTF-8"?>
<!-- Generated by org.testng.reporters.JUnitReportReporter -->
<testsuite hostname="Aiswarya" failures="0" tests="2" name="testcase.RadioButton" time="0.270" errors="0" timestamp="2023-02-28T23:20:05 IST" skipped="0">
  <testcase classname="testcase.RadioButton" name="radiobutton1" time="0.080"/>
  <system-out/>
  <testcase classname="testcase.RadioButton" name="radiobutton" time="0.190"/>
  <system-out/>
</testsuite> <!-- testcase.RadioButton -->
