<?xml version="1.0" encoding="UTF-8"?>
<!-- Generated by org.testng.reporters.JUnitReportReporter -->
<testsuite hostname="Aiswarya" failures="0" tests="2" name="testcase.CheckBox" time="0.314" errors="0" timestamp="2023-02-28T23:20:05 IST" skipped="0">
  <testcase classname="testcase.CheckBox" name="checkbox2" time="0.168"/>
  <system-out/>
  <testcase classname="testcase.CheckBox" name="checkbox" time="0.146"/>
  <system-out/>
</testsuite> <!-- testcase.CheckBox -->
