<?xml version="1.0" encoding="UTF-8"?>
<!-- Generated by org.testng.reporters.JUnitReportReporter -->
<testsuite hostname="Aiswarya" failures="0" tests="1" name="testcase.TestCaseClass" time="0.575" errors="0" timestamp="2023-02-27T18:41:14 IST" skipped="0">
  <testcase classname="testcase.TestCaseClass" name="demotestcase" time="0.575"/>
  <system-out/>
</testsuite> <!-- testcase.TestCaseClass -->
