<?xml version="1.0" encoding="UTF-8"?>
<!-- Generated by org.testng.reporters.JUnitReportReporter -->
<testsuite hostname="Aiswarya" failures="0" tests="6" name="testcase.LoginTest" time="27.045" errors="0" timestamp="2023-03-01T13:37:05 IST" skipped="0">
  <testcase classname="testcase.LoginTest" name="validLogin" time="4.303"/>
  <system-out/>
  <testcase classname="testcase.LoginTest" name="userPage" time="3.230"/>
  <system-out/>
  <testcase classname="testcase.LoginTest" name="rolePage" time="5.066"/>
  <system-out/>
  <testcase classname="testcase.LoginTest" name="SalesPage" time="5.536"/>
  <system-out/>
  <testcase classname="testcase.LoginTest" name="Contacts" time="3.909"/>
  <system-out/>
  <testcase classname="testcase.LoginTest" name="Customers" time="5.001"/>
  <system-out/>
</testsuite> <!-- testcase.LoginTest -->
